<?xml version="1.0" encoding="UTF-8"?>
<!-- Generated by org.testng.reporters.JUnitReportReporter -->
<testsuite hostname="MD" failures="0" tests="11" name="com.micro.tests.PCPartsPageTest" time="193.466" errors="0" timestamp="2025-06-28T18:26:47 EDT" skipped="0">
  <testcase classname="com.micro.tests.PCPartsPageTest" name="varifyOpenChromeBrowser" time="17.753"/>
  <system-out/>
  <testcase classname="com.micro.tests.PCPartsPageTest" name="varifyClickOnPCPartsPage" time="56.684"/>
  <system-out/>
  <testcase classname="com.micro.tests.PCPartsPageTest" name="varifyPCPartsPageTitle" time="11.647"/>
  <system-out/>
  <testcase classname="com.micro.tests.PCPartsPageTest" name="varifyMicrocenterHomePageCurrentURL" time="11.421"/>
  <system-out/>
  <testcase classname="com.micro.tests.PCPartsPageTest" name="iClickOnTheFirstIntelCPUSitem" time="11.925"/>
  <system-out/>
  <testcase classname="com.micro.tests.PCPartsPageTest" name="varifyClickOnAddToCardButton" time="11.617"/>
  <system-out/>
  <testcase classname="com.micro.tests.PCPartsPageTest" name="varifyClickOnViewCardButton" time="18.130"/>
  <system-out/>
  <testcase classname="com.micro.tests.PCPartsPageTest" name="varifyClickOnCheckoutButton" time="17.635"/>
  <system-out/>
  <testcase classname="com.micro.tests.PCPartsPageTest" name="varifyClickOnEmailAddressButton" time="12.744"/>
  <system-out/>
  <testcase classname="com.micro.tests.PCPartsPageTest" name="varifyClickOnPasswordButton" time="11.009"/>
  <system-out/>
  <testcase classname="com.micro.tests.PCPartsPageTest" name="varifyClickOnSignInButton" time="12.901"/>
  <system-out/>
</testsuite> <!-- com.micro.tests.PCPartsPageTest -->
