<?xml version="1.0" encoding="UTF-8"?>
<!-- Generated by org.testng.reporters.JUnitReportReporter -->
<testsuite hostname="MD" failures="0" tests="10" name="com.micro.tests.TopDealsPageTest" time="135.173" errors="0" timestamp="2025-06-28T19:57:39 EDT" skipped="0">
  <testcase classname="com.micro.tests.TopDealsPageTest" name="varifyOpenChromeBrowser" time="22.911"/>
  <system-out/>
  <testcase classname="com.micro.tests.TopDealsPageTest" name="varifyClickOnTopDealsPage" time="11.851"/>
  <system-out/>
  <testcase classname="com.micro.tests.TopDealsPageTest" name="varifyDisplayedkOnTopDealsLogo" time="12.967"/>
  <system-out/>
  <testcase classname="com.micro.tests.TopDealsPageTest" name="varifyDisplayedkOnlaptopSavingEventLogo" time="13.490"/>
  <system-out/>
  <testcase classname="com.micro.tests.TopDealsPageTest" name="varifyClickOnAddToCardButton" time="13.100"/>
  <system-out/>
  <testcase classname="com.micro.tests.TopDealsPageTest" name="varifyClickOnViewCardButton" time="15.044"/>
  <system-out/>
  <testcase classname="com.micro.tests.TopDealsPageTest" name="varifyClickOnCheckoutButton" time="16.537"/>
  <system-out/>
  <testcase classname="com.micro.tests.TopDealsPageTest" name="varifyClickOnEmailAddressButton" time="9.377"/>
  <system-out/>
  <testcase classname="com.micro.tests.TopDealsPageTest" name="varifyClickOnPasswordButton" time="9.290"/>
  <system-out/>
  <testcase classname="com.micro.tests.TopDealsPageTest" name="varifyClickOnSignInButton" time="10.606"/>
  <system-out/>
</testsuite> <!-- com.micro.tests.TopDealsPageTest -->
